<?xml version="1.0" encoding="UTF-8" ?>
<testsuite tests="1" failures="0" name="Com.qa.Test.Login_Test" time="20.322" errors="0" skipped="0">
  <properties>
    <property name="java.vendor" value="Oracle Corporation"/>
    <property name="JOB_NAME" value="sathyaproject"/>
    <property name="RUN_TESTS_DISPLAY_URL" value="http://localhost:8082/job/sathyaproject/7/display/redirect?page=tests"/>
    <property name="sun.java.launcher" value="SUN_STANDARD"/>
    <property name="NUMBER_OF_PROCESSORS" value="4"/>
    <property name="sun.management.compiler" value="HotSpot Client Compiler"/>
    <property name="JENKINS_HOME" value="C:\Users\M. Prasanth\.jenkins"/>
    <property name="HUDSON_SERVER_COOKIE" value="0c49366b6b71fa0e"/>
    <property name="POM_ARTIFACTID" value="New_Maven"/>
    <property name="os.name" value="Windows 8.1"/>
    <property name="sun.boot.class.path" value="D:\prakash\jdk1.8.0\jre\lib\resources.jar;D:\prakash\jdk1.8.0\jre\lib\rt.jar;D:\prakash\jdk1.8.0\jre\lib\sunrsasign.jar;D:\prakash\jdk1.8.0\jre\lib\jsse.jar;D:\prakash\jdk1.8.0\jre\lib\jce.jar;D:\prakash\jdk1.8.0\jre\lib\charsets.jar;D:\prakash\jdk1.8.0\jre\lib\jfr.jar;D:\prakash\jdk1.8.0\jre\classes"/>
    <property name="EXECUTOR_NUMBER" value="1"/>
    <property name="sun.desktop" value="windows"/>
    <property name="PATHEXT" value=".COM;.EXE;.BAT;.CMD;.VBS;.VBE;.JS;.JSE;.WSF;.WSH;.MSC"/>
    <property name="java.vm.specification.vendor" value="Oracle Corporation"/>
    <property name="POM_DISPLAYNAME" value="New_Maven"/>
    <property name="NODE_LABELS" value="master"/>
    <property name="TEMP" value="C:\Users\M43E9~1.PRA\AppData\Local\Temp"/>
    <property name="java.runtime.version" value="1.8.0_45-b14"/>
    <property name="user.name" value="M. Prasanth"/>
    <property name="guice.disable.misplaced.annotation.check" value="true"/>
    <property name="CommonProgramW6432" value="C:\Program Files\Common Files"/>
    <property name="ProgramFiles" value="C:\Program Files"/>
    <property name="PROMPT" value="$P$G"/>
    <property name="user.language" value="en"/>
    <property name="JOB_BASE_NAME" value="sathyaproject"/>
    <property name="RUN_CHANGES_DISPLAY_URL" value="http://localhost:8082/job/sathyaproject/7/display/redirect?page=changes"/>
    <property name="BUILD_DISPLAY_NAME" value="#7"/>
    <property name="OneDrive" value="C:\Users\M. Prasanth\OneDrive"/>
    <property name="sun.boot.library.path" value="D:\prakash\jdk1.8.0\jre\bin"/>
    <property name="LOCALAPPDATA" value="C:\Users\M. Prasanth\AppData\Local"/>
    <property name="java.version" value="1.8.0_45"/>
    <property name="PROCESSOR_LEVEL" value="22"/>
    <property name="user.timezone" value="Asia/Calcutta"/>
    <property name="USERNAME" value="M. Prasanth"/>
    <property name="sun.arch.data.model" value="32"/>
    <property name="NODE_NAME" value="master"/>
    <property name="java.endorsed.dirs" value="D:\prakash\jdk1.8.0\jre\lib\endorsed"/>
    <property name="BUILD_ID" value="7"/>
    <property name="sun.cpu.isalist" value=""/>
    <property name="sun.jnu.encoding" value="Cp1252"/>
    <property name="file.encoding.pkg" value="sun.io"/>
    <property name="file.separator" value="\"/>
    <property name="java.specification.name" value="Java Platform API Specification"/>
    <property name="HOMEDRIVE" value="C:"/>
    <property name="maven.conf" value="C:\Users\M. Prasanth\.jenkins\tools\hudson.tasks.Maven_MavenInstallation\Testmaven\conf"/>
    <property name="java.class.version" value="52.0"/>
    <property name="=::" value="::\"/>
    <property name="org.slf4j.simpleLogger.defaultLogLevel" value="info"/>
    <property name="user.country" value="US"/>
    <property name="ALLUSERSPROFILE" value="C:\ProgramData"/>
    <property name="java.home" value="D:\prakash\jdk1.8.0\jre"/>
    <property name="java.vm.info" value="mixed mode"/>
    <property name="os.version" value="6.3"/>
    <property name="RUN_DISPLAY_URL" value="http://localhost:8082/job/sathyaproject/7/display/redirect"/>
    <property name="POM_VERSION" value="0.0.1-SNAPSHOT"/>
    <property name="TMP" value="C:\Users\M43E9~1.PRA\AppData\Local\Temp"/>
    <property name="RUN_ARTIFACTS_DISPLAY_URL" value="http://localhost:8082/job/sathyaproject/7/display/redirect?page=artifacts"/>
    <property name="path.separator" value=";"/>
    <property name="java.vm.version" value="25.45-b02"/>
    <property name="user.variant" value=""/>
    <property name="JOB_DISPLAY_URL" value="http://localhost:8082/job/sathyaproject/display/redirect"/>
    <property name="CommonProgramFiles(x86)" value="C:\Program Files (x86)\Common Files"/>
    <property name="USERDOMAIN_ROAMINGPROFILE" value="DESKTOP-QGTLKMJ"/>
    <property name="java.awt.printerjob" value="sun.awt.windows.WPrinterJob"/>
    <property name="JAVA_HOME" value="D:\prakash\jdk1.8.0"/>
    <property name="sun.io.unicode.encoding" value="UnicodeLittle"/>
    <property name="CommonProgramFiles" value="C:\Program Files\Common Files"/>
    <property name="ComSpec" value="C:\WINDOWS\system32\cmd.exe"/>
    <property name="HOMEPATH" value="\Users\M. Prasanth"/>
    <property name="awt.toolkit" value="sun.awt.windows.WToolkit"/>
    <property name="POM_PACKAGING" value="jar"/>
    <property name="user.script" value=""/>
    <property name="COMPUTERNAME" value="DESKTOP-QGTLKMJ"/>
    <property name="POM_GROUPID" value="New_Maven"/>
    <property name="user.home" value="C:\Users\M. Prasanth"/>
    <property name="PUBLIC" value="C:\Users\Public"/>
    <property name="BUILD_TAG" value="jenkins-sathyaproject-7"/>
    <property name="JENKINS_SERVER_COOKIE" value="0c49366b6b71fa0e"/>
    <property name="HUDSON_URL" value="http://localhost:8082/"/>
    <property name="ProgramData" value="C:\ProgramData"/>
    <property name="java.specification.vendor" value="Oracle Corporation"/>
    <property name="USERPROFILE" value="C:\Users\M. Prasanth"/>
    <property name="CLASSPATH" value=""/>
    <property name="java.vendor.url" value="http://java.oracle.com/"/>
    <property name="java.library.path" value="D:\prakash\jdk1.8.0\bin;C:\WINDOWS\Sun\Java\bin;C:\WINDOWS\system32;C:\WINDOWS;C:\Users\M. Prasanth\.jenkins\tools\hudson.tasks.Maven_MavenInstallation\Testmaven/bin;D:\prakash\jdk1.8.0/bin;D:\prakash\jdk1.8.0/bin;C:\oraclexe\app\oracle\product\10.2.0\server\bin;C:\Program Files (x86)\Common Files\Oracle\Java\javapath;C:\WINDOWS\system32;C:\WINDOWS;C:\WINDOWS\System32\Wbem;C:\WINDOWS\System32\WindowsPowerShell\v1.0\;C:\WINDOWS\System32\OpenSSH\;C:\Program Files\MySQL\MySQL Server 5.5\bin;C:\Program Files\Git\cmd;C:\Program Files\PuTTY\;C:\Program Files\Git\bin\;C:\Program Files\Git\cmd;;."/>
    <property name="java.vm.vendor" value="Oracle Corporation"/>
    <property name="APPDATA" value="C:\Users\M. Prasanth\AppData\Roaming"/>
    <property name="java.runtime.name" value="Java(TM) SE Runtime Environment"/>
    <property name="maven.home" value="C:\Users\M. Prasanth\.jenkins\tools\hudson.tasks.Maven_MavenInstallation\Testmaven"/>
    <property name="java.class.path" value="C:\Users\M. Prasanth\.jenkins\plugins\maven-plugin\WEB-INF\lib\maven35-agent-1.13.jar;C:\Users\M. Prasanth\.jenkins\tools\hudson.tasks.Maven_MavenInstallation\Testmaven\boot\plexus-classworlds-2.6.0.jar;C:\Users\M. Prasanth\.jenkins\tools\hudson.tasks.Maven_MavenInstallation\Testmaven/conf/logging"/>
    <property name="sun.java.command" value="jenkins.maven3.agent.Maven35Main C:\Users\M. Prasanth\.jenkins\tools\hudson.tasks.Maven_MavenInstallation\Testmaven C:\Users\M. Prasanth\.jenkins\war\WEB-INF\lib\remoting-4.5.jar C:\Users\M. Prasanth\.jenkins\plugins\maven-plugin\WEB-INF\lib\maven35-interceptor-1.13.jar C:\Users\M. Prasanth\.jenkins\plugins\maven-plugin\WEB-INF\lib\maven3-interceptor-commons-1.13.jar 62702"/>
    <property name="Path" value="D:\prakash\jdk1.8.0/bin;C:\oraclexe\app\oracle\product\10.2.0\server\bin;C:\Program Files (x86)\Common Files\Oracle\Java\javapath;C:\WINDOWS\system32;C:\WINDOWS;C:\WINDOWS\System32\Wbem;C:\WINDOWS\System32\WindowsPowerShell\v1.0\;C:\WINDOWS\System32\OpenSSH\;C:\Program Files\MySQL\MySQL Server 5.5\bin;C:\Program Files\Git\cmd;C:\Program Files\PuTTY\;C:\Program Files\Git\bin\;C:\Program Files\Git\cmd;"/>
    <property name="java.vm.specification.name" value="Java Virtual Machine Specification"/>
    <property name="PROCESSOR_ARCHITECTURE" value="AMD64"/>
    <property name="PATH+JDK" value="D:\prakash\jdk1.8.0/bin"/>
    <property name="PROCESSOR_IDENTIFIER" value="AMD64 Family 22 Model 48 Stepping 1, AuthenticAMD"/>
    <property name="SESSIONNAME" value="Console"/>
    <property name="java.vm.specification.version" value="1.8"/>
    <property name="sun.os.patch.level" value=""/>
    <property name="sun.cpu.endian" value="little"/>
    <property name="M2_HOME" value="C:\Users\M. Prasanth\.jenkins\tools\hudson.tasks.Maven_MavenInstallation\Testmaven"/>
    <property name="java.io.tmpdir" value="C:\Users\M43E9~1.PRA\AppData\Local\Temp\"/>
    <property name="OS" value="Windows_NT"/>
    <property name="HUDSON_HOME" value="C:\Users\M. Prasanth\.jenkins"/>
    <property name="PATH+MAVEN" value="C:\Users\M. Prasanth\.jenkins\tools\hudson.tasks.Maven_MavenInstallation\Testmaven/bin"/>
    <property name="ProgramFiles(x86)" value="C:\Program Files (x86)"/>
    <property name="BUILD_URL" value="http://localhost:8082/job/sathyaproject/7/"/>
    <property name="java.vendor.url.bug" value="http://bugreport.sun.com/bugreport/"/>
    <property name="java.awt.graphicsenv" value="sun.awt.Win32GraphicsEnvironment"/>
    <property name="os.arch" value="x86"/>
    <property name="SystemRoot" value="C:\WINDOWS"/>
    <property name="java.ext.dirs" value="D:\prakash\jdk1.8.0\jre\lib\ext;C:\WINDOWS\Sun\Java\lib\ext"/>
    <property name="user.dir" value="C:\Users\M. Prasanth\Desktop\bharath\eclipse works\New_Maven"/>
    <property name="JOB_URL" value="http://localhost:8082/job/sathyaproject/"/>
    <property name="LOGONSERVER" value="\\DESKTOP-QGTLKMJ"/>
    <property name="USERDOMAIN" value="DESKTOP-QGTLKMJ"/>
    <property name="line.separator" value="
"/>
    <property name="MAVEN_HOME" value="C:\Users\M. Prasanth\.jenkins\tools\hudson.tasks.Maven_MavenInstallation\Testmaven"/>
    <property name="java.vm.name" value="Java HotSpot(TM) Client VM"/>
    <property name="BUILD_NUMBER" value="7"/>
    <property name="JENKINS_URL" value="http://localhost:8082/"/>
    <property name="PROCESSOR_REVISION" value="3001"/>
    <property name="ProgramW6432" value="C:\Program Files"/>
    <property name="windir" value="C:\WINDOWS"/>
    <property name="=C:" value="C:\Users\M. Prasanth\jenkins"/>
    <property name="file.encoding" value="Cp1252"/>
    <property name="SystemDrive" value="C:"/>
    <property name="maven3.interceptor" value="C:\Users\M. Prasanth\.jenkins\plugins\maven-plugin\WEB-INF\lib\maven35-interceptor-1.13.jar"/>
    <property name="WORKSPACE_TMP" value="C:\Users\M. Prasanth\.jenkins\workspace\sathyaproject@tmp"/>
    <property name="WORKSPACE" value="C:\Users\M. Prasanth\.jenkins\workspace\sathyaproject"/>
    <property name="maven3.interceptor.common" value="C:\Users\M. Prasanth\.jenkins\plugins\maven-plugin\WEB-INF\lib\maven3-interceptor-commons-1.13.jar"/>
    <property name="java.specification.version" value="1.8"/>
    <property name="PSModulePath" value="C:\Program Files\WindowsPowerShell\Modules;C:\WINDOWS\system32\WindowsPowerShell\v1.0\Modules"/>
    <property name="DriverData" value="C:\Windows\System32\Drivers\DriverData"/>
  </properties>
  <testcase classname="Com.qa.Test.Login_Test" name="test" time="20.322"/>
</testsuite>