<?xml version="1.0" encoding="UTF-8"?>
<!-- Generated by org.testng.reporters.JUnitReportReporter -->
<testsuite hostname="DESKTOP-QGTLKMJ"
	name="Com.qa.Test.Printertest" tests="1" failures="0"
	timestamp="22 Apr 2020 16:48:09 GMT" time="178.543" errors="0">
	<testcase name="data" time="178.543"
		classname="Com.qa.Test.Printertest" />
</testsuite> <!-- Com.qa.Test.Printertest -->
