<?xml version="1.0" encoding="UTF-8"?>
<!-- Generated by org.testng.reporters.JUnitReportReporter -->
<testsuite hostname="DESKTOP-QGTLKMJ" name="Com.qa.Test.Printertest" tests="1" failures="0" timestamp="4 Aug 2020 08:57:10 GMT" time="81.450" errors="0">
  <testcase name="data" time="81.450" classname="Com.qa.Test.Printertest"/>
</testsuite> <!-- Com.qa.Test.Printertest -->
