<?xml version="1.0" encoding="UTF-8"?>
<!-- Generated by org.testng.reporters.JUnitReportReporter -->
<testsuite hostname="DESKTOP-QGTLKMJ" name="Com.qa.Test.Hometest" tests="1" failures="0" timestamp="4 Aug 2020 08:57:10 GMT" time="35.601" errors="0">
  <testcase name="homet" time="35.601" classname="Com.qa.Test.Hometest"/>
</testsuite> <!-- Com.qa.Test.Hometest -->
