<?xml version="1.0" encoding="UTF-8"?>
<!-- Generated by org.testng.reporters.JUnitReportReporter -->
<testsuite hostname="DESKTOP-QGTLKMJ" name="Com.qa.Test.Login_Test" tests="1" failures="0" timestamp="4 Aug 2020 08:57:10 GMT" time="23.903" errors="0">
  <testcase name="test" time="23.903" classname="Com.qa.Test.Login_Test"/>
</testsuite> <!-- Com.qa.Test.Login_Test -->
