<?xml version="1.0" encoding="UTF-8"?>
<!-- Generated by org.testng.reporters.JUnitReportReporter -->
<testsuite hostname="DESKTOP-QGTLKMJ" name="Com.qa.Test.Login_Test" tests="1" failures="0" timestamp="23 Apr 2020 09:07:07 GMT" time="85.865" errors="0">
  <testcase name="test" time="85.865" classname="Com.qa.Test.Login_Test"/>
</testsuite> <!-- Com.qa.Test.Login_Test -->
