<?xml version="1.0" encoding="UTF-8"?>
<!-- Generated by org.testng.reporters.JUnitReportReporter -->
<testsuite hostname="DESKTOP-QGTLKMJ"
	name="Com.qa.Test.Addresstest" tests="1" failures="0"
	timestamp="22 Apr 2020 16:48:09 GMT" time="193.211" errors="0">
	<testcase name="addtest" time="193.211"
		classname="Com.qa.Test.Addresstest" />
</testsuite> <!-- Com.qa.Test.Addresstest -->
