<?xml version="1.0" encoding="UTF-8"?>
<!-- Generated by org.testng.reporters.JUnitReportReporter -->
<testsuite hostname="DESKTOP-QGTLKMJ"
	name="Com.qa.Test.Hometest" tests="1" failures="0"
	timestamp="22 Apr 2020 16:48:09 GMT" time="133.192" errors="0">
	<testcase name="homet" time="133.192"
		classname="Com.qa.Test.Hometest" />
</testsuite> <!-- Com.qa.Test.Hometest -->
