<?xml version="1.0" encoding="UTF-8"?>
<!-- Generated by org.testng.reporters.JUnitReportReporter -->
<testsuite hostname="DESKTOP-QGTLKMJ" name="Com.qa.Test.Login_Test" tests="1" failures="0" timestamp="4 Aug 2020 05:00:51 GMT" time="99.865" errors="0">
  <testcase name="test" time="99.865" classname="Com.qa.Test.Login_Test"/>
</testsuite> <!-- Com.qa.Test.Login_Test -->
